\BOOKMARK [1][-]{section.1}{\376\377\213\276\213\241\152\041\137\017\166\204\137\025\121\145}{}% 1
\BOOKMARK [2][-]{subsection.1.1}{\376\377\137\025\121\145\213\276\213\241\152\041\137\017\166\204\117\134\165\050}{section.1}% 2
\BOOKMARK [2][-]{subsection.1.2}{\376\377\136\223\116\016\213\276\213\241\152\041\137\017}{section.1}% 3
\BOOKMARK [2][-]{subsection.1.3}{\376\377\211\201\160\271\140\073\176\323}{section.1}% 4
\BOOKMARK [1][-]{section.2}{\376\377\227\142\124\021\133\371\214\141\213\276\213\241\123\237\122\031}{}% 5
\BOOKMARK [2][-]{subsection.2.1}{\376\377\227\142\124\021\133\371\214\141\213\276\213\241\123\237\122\031\151\202\217\360}{section.2}% 6
\BOOKMARK [2][-]{subsection.2.2}{\376\377\123\125\116\000\200\114\215\043\123\237\122\031}{section.2}% 7
\BOOKMARK [2][-]{subsection.2.3}{\376\377\137\000\225\355\123\237\122\031}{section.2}% 8
\BOOKMARK [2][-]{subsection.2.4}{\376\377\221\314\154\017\116\343\143\142\123\237\122\031}{section.2}% 9
\BOOKMARK [2][-]{subsection.2.5}{\376\377\117\235\215\126\120\022\217\154\123\237\122\031}{section.2}% 10
\BOOKMARK [2][-]{subsection.2.6}{\376\377\143\245\123\343\226\224\171\273\123\237\122\031}{section.2}% 11
\BOOKMARK [2][-]{subsection.2.7}{\376\377\124\010\142\020\131\015\165\050\123\237\122\031}{section.2}% 12
\BOOKMARK [2][-]{subsection.2.8}{\376\377\217\352\174\163\162\171\154\325\122\031}{section.2}% 13
\BOOKMARK [1][-]{section.3}{\376\377\173\126\165\145\152\041\137\017}{}% 14
\BOOKMARK [2][-]{subsection.3.1}{\376\377\173\126\165\145\152\041\137\017\166\204\137\025\121\145}{section.3}% 15
\BOOKMARK [2][-]{subsection.3.2}{\376\377\173\054\116\000\116\052\213\276\213\241\152\041\137\017\377\032\173\126\165\145\152\041\137\017}{section.3}% 16
\BOOKMARK [1][-]{section.4}{\376\377\135\345\123\202\152\041\137\017}{}% 17
\BOOKMARK [2][-]{subsection.4.1}{\376\377\173\200\123\125\135\345\123\202\152\041\137\017}{section.4}% 18
\BOOKMARK [2][-]{subsection.4.2}{\376\377\135\345\123\202\145\271\154\325\152\041\137\017}{section.4}% 19
\BOOKMARK [2][-]{subsection.4.3}{\376\377\142\275\214\141\135\345\123\202\152\041\137\017}{section.4}% 20
\BOOKMARK [1][-]{section.5}{\376\377\122\033\136\372\127\213\152\041\137\017}{}% 21
\BOOKMARK [2][-]{subsection.5.1}{\376\377\136\372\220\040\200\005\152\041\137\017}{section.5}% 22
\BOOKMARK [2][-]{subsection.5.2}{\376\377\123\237\127\213\152\041\137\017}{section.5}% 23
\BOOKMARK [1][-]{section.6}{\376\377\162\266\140\001\116\016\124\175\116\344\152\041\137\017}{}% 24
\BOOKMARK [2][-]{subsection.6.1}{\376\377\162\266\140\001\152\041\137\017}{section.6}% 25
\BOOKMARK [2][-]{subsection.6.2}{\376\377\124\175\116\344\152\041\137\017}{section.6}% 26
\BOOKMARK [1][-]{section.7}{\376\377\210\114\116\072\127\213\152\041\137\017}{}% 27
\BOOKMARK [2][-]{subsection.7.1}{\376\377\211\302\133\337\200\005\152\041\137\017}{section.7}% 28
\BOOKMARK [2][-]{subsection.7.2}{\376\377\116\055\116\313\200\005\152\041\137\017}{section.7}% 29
\BOOKMARK [2][-]{subsection.7.3}{\376\377\152\041\147\177\145\271\154\325\152\041\137\017}{section.7}% 30
\BOOKMARK [1][-]{section.8}{\376\377\220\002\221\115\126\150\116\016\176\304\124\010}{}% 31
\BOOKMARK [2][-]{subsection.8.1}{\376\377\220\002\221\115\126\150\152\041\137\017}{section.8}% 32
\BOOKMARK [2][-]{subsection.8.2}{\376\377\176\304\124\010\152\041\137\017}{section.8}% 33
\BOOKMARK [1][-]{section.9}{\376\377\150\145\143\245\116\016\210\305\231\160\200\005}{}% 34
\BOOKMARK [2][-]{subsection.9.1}{\376\377\150\145\143\245\152\041\137\017}{section.9}% 35
\BOOKMARK [2][-]{subsection.9.2}{\376\377\210\305\231\160\152\041\137\017}{section.9}% 36
\BOOKMARK [1][-]{section.10}{\376\377\176\323\147\204\127\213\152\041\137\017}{}% 37
\BOOKMARK [2][-]{subsection.10.1}{\376\377\131\026\211\302\152\041\137\017}{section.10}% 38
\BOOKMARK [2][-]{subsection.10.2}{\376\377\116\253\121\103\152\041\137\017}{section.10}% 39
\BOOKMARK [2][-]{subsection.10.3}{\376\377\116\343\164\006\152\041\137\017}{section.10}% 40
\BOOKMARK [1][-]{section.11}{\376\377\226\062\137\241\137\017\177\026\172\013}{}% 41
\BOOKMARK [2][-]{subsection.11.1}{\376\377\116\300\116\110\146\057\226\062\137\241\137\017\177\026\172\013}{section.11}% 42
\BOOKMARK [2][-]{subsection.11.2}{\376\377\145\255\212\000}{section.11}% 43
\BOOKMARK [2][-]{subsection.11.3}{\376\377\225\031\213\357\131\004\164\006\142\200\147\057}{section.11}% 44
\BOOKMARK [2][-]{subsection.11.4}{\376\377\137\002\136\070}{section.11}% 45
\BOOKMARK [2][-]{subsection.11.5}{\376\377\220\032\217\307\226\224\150\017\123\005\133\271\225\031\213\357}{section.11}% 46
\BOOKMARK [2][-]{subsection.11.6}{\376\377\217\205\122\251\214\003\213\325\166\204\116\343\170\001}{section.11}% 47
\BOOKMARK [2][-]{subsection.11.7}{\376\377\133\371\226\062\137\241\137\017\177\026\172\013\166\204\226\062\137\241\137\017\140\001\136\246}{section.11}% 48
\BOOKMARK [1][-]{section.12}{\376\377\210\150\232\161\122\250}{}% 49
\BOOKMARK [2][-]{subsection.12.1}{\376\377\210\150\232\161\122\250\151\202\217\360}{section.12}% 50
\BOOKMARK [2][-]{subsection.12.2}{\376\377\166\364\143\245\213\277\225\356}{section.12}% 51
\BOOKMARK [2][-]{subsection.12.3}{\376\377\175\042\137\025\213\277\225\356}{section.12}% 52
\BOOKMARK [2][-]{subsection.12.4}{\376\377\226\066\150\257\213\277\225\356}{section.12}% 53
